<?xml version="1.0" encoding="UTF-8"?>
<!-- Generated by org.testng.reporters.JUnitXMLReporter -->
<testsuite ignored="3" hostname="DESKTOP-AIO353A" failures="0" tests="1" name="Default test" time="3.477" errors="0" timestamp="2024-03-26T12:57:46 BRT">
  <testcase classname="PetstoreTest.HTTPRequests" name="getPetInexistente" time="3.435"/>
  <testcase classname="PetstoreTest.HTTPRequests" name="getPetStatusPending" time="0.0">
    <ignored/>
  </testcase> <!-- getPetStatusPending -->
  <testcase classname="PetstoreTest.HTTPRequests" name="putAtualizarDados" time="0.0">
    <ignored/>
  </testcase> <!-- putAtualizarDados -->
  <testcase classname="PetstoreTest.HTTPRequests" name="postPedido" time="0.0">
    <ignored/>
  </testcase> <!-- postPedido -->
</testsuite> <!-- Default test -->
